2024-02-20 16:23:06,972 - root - INFO - Chart 26b Versions: 17
2024-02-20 16:23:06,972 - root - INFO - Chart 26b LOCs: 1048808
2024-02-20 16:23:06,972 - root - INFO - Chart 26b Tests: 30357
2024-02-20 16:23:06,972 - root - INFO - Chart 26b Faults: 25
2024-02-20 16:23:13,180 - root - INFO - Closure 176b Versions: 25
2024-02-20 16:23:13,180 - root - INFO - Closure 176b LOCs: 1703047
2024-02-20 16:23:13,180 - root - INFO - Closure 176b Tests: 189173
2024-02-20 16:23:13,180 - root - INFO - Closure 176b Faults: 31
2024-02-20 16:23:13,878 - root - INFO - Lang 65b Versions: 39
2024-02-20 16:23:13,878 - root - INFO - Lang 65b LOCs: 527340
2024-02-20 16:23:13,878 - root - INFO - Lang 65b Tests: 72030
2024-02-20 16:23:13,878 - root - INFO - Lang 65b Faults: 54
2024-02-20 16:23:16,823 - root - INFO - Math 106b Versions: 73
2024-02-20 16:23:16,823 - root - INFO - Math 106b LOCs: 2548533
2024-02-20 16:23:16,823 - root - INFO - Math 106b Tests: 201135
2024-02-20 16:23:16,823 - root - INFO - Math 106b Faults: 98
2024-02-20 16:23:18,319 - root - INFO - Time 27b Versions: 22
2024-02-20 16:23:18,319 - root - INFO - Time 27b LOCs: 448223
2024-02-20 16:23:18,319 - root - INFO - Time 27b Tests: 86087
2024-02-20 16:23:18,319 - root - INFO - Time 27b Faults: 40
2024-02-20 16:23:18,319 - root - INFO - Versions: 176
2024-02-20 16:23:18,319 - root - INFO - LOCs: 6275951
2024-02-20 16:23:18,319 - root - INFO - Tests: 578782
2024-02-20 16:23:18,319 - root - INFO - Faults: 248
