[1;32m************** executeSOM **************[0m
变异体编号: 1
变异体编号: 2
变异体编号: 3
变异体编号: 4
变异体编号: 5
变异体编号: 6
变异体编号: 7
变异体编号: 8
变异体编号: 9
变异体编号: 10
变异体编号: 11
变异体编号: 12
变异体编号: 13
变异体编号: 14
变异体编号: 15
变异体编号: 16
变异体编号: 17
变异体编号: 18
变异体编号: 19
变异体编号: 20
变异体编号: 21
变异体编号: 22
变异体编号: 23
变异体编号: 24
变异体编号: 25
变异体编号: 26
变异体编号: 27
变异体编号: 28
变异体编号: 29
变异体编号: 30
变异体编号: 31
变异体编号: 32
变异体编号: 33
变异体编号: 34
变异体编号: 35
变异体编号: 36
变异体编号: 37
变异体编号: 38
变异体编号: 39
变异体编号: 40
变异体编号: 41
变异体编号: 42
变异体编号: 43
变异体编号: 44
变异体编号: 45
变异体编号: 46
变异体编号: 47
变异体编号: 48
变异体编号: 49
变异体编号: 50
变异体编号: 51
变异体编号: 52
变异体编号: 53
变异体编号: 54
变异体编号: 55
变异体编号: 56
变异体编号: 57
变异体编号: 58
变异体编号: 59
变异体编号: 60
变异体编号: 61
变异体编号: 62
变异体编号: 63
变异体编号: 64
变异体编号: 65
变异体编号: 66
变异体编号: 67
变异体编号: 68
变异体编号: 69
变异体编号: 70
变异体编号: 71
变异体编号: 72
变异体编号: 73
变异体编号: 74
变异体编号: 75
变异体编号: 76
变异体编号: 77
变异体编号: 78
变异体编号: 79
变异体编号: 80
变异体编号: 81
变异体编号: 82
变异体编号: 83
变异体编号: 84
变异体编号: 85
变异体编号: 86
变异体编号: 87
变异体编号: 88
变异体编号: 89
变异体编号: 90
变异体编号: 91
变异体编号: 92
变异体编号: 93
变异体编号: 94
变异体编号: 95
变异体编号: 96
变异体编号: 97
变异体编号: 98
变异体编号: 99
变异体编号: 100
变异体编号: 101
变异体编号: 102
变异体编号: 103
变异体编号: 104
变异体编号: 105
变异体编号: 106
变异体编号: 107
变异体编号: 108
变异体编号: 109
变异体编号: 110
变异体编号: 111
变异体编号: 112
变异体编号: 113
变异体编号: 114
变异体编号: 115
变异体编号: 116
变异体编号: 117
变异体编号: 118
变异体编号: 119
变异体编号: 120
变异体编号: 121
变异体编号: 122
变异体编号: 123
变异体编号: 124
变异体编号: 125
变异体编号: 126
变异体编号: 127
变异体编号: 128
变异体编号: 129
变异体编号: 130
变异体编号: 131
变异体编号: 132
变异体编号: 133
变异体编号: 134
变异体编号: 135
变异体编号: 136
变异体编号: 137
变异体编号: 138
变异体编号: 139
变异体编号: 140
变异体编号: 141
变异体编号: 142
变异体编号: 143
变异体编号: 144
变异体编号: 145
变异体编号: 146
变异体编号: 147
变异体编号: 148
变异体编号: 149
变异体编号: 150
变异体编号: 151
变异体编号: 152
变异体编号: 153
变异体编号: 154
变异体编号: 155
变异体编号: 156
变异体编号: 157
变异体编号: 158
变异体编号: 159
变异体编号: 160
变异体编号: 161
变异体编号: 162
变异体编号: 163
变异体编号: 164
变异体编号: 165
变异体编号: 166
变异体编号: 167
变异体编号: 168
变异体编号: 169
变异体编号: 170
变异体编号: 171
变异体编号: 172
变异体编号: 173
变异体编号: 174
变异体编号: 175
变异体编号: 176
变异体编号: 177
变异体编号: 178
变异体编号: 179
变异体编号: 180
变异体编号: 181
变异体编号: 182
变异体编号: 183
变异体编号: 184
变异体编号: 185
变异体编号: 186
变异体编号: 187
变异体编号: 188
变异体编号: 189
变异体编号: 190
变异体编号: 191
变异体编号: 192
变异体编号: 193
变异体编号: 194
变异体编号: 195
变异体编号: 196
变异体编号: 197
变异体编号: 198
变异体编号: 199
变异体编号: 200
变异体编号: 201
变异体编号: 202
变异体编号: 203
变异体编号: 204
变异体编号: 205
变异体编号: 206
变异体编号: 207
变异体编号: 208
变异体编号: 209
变异体编号: 210
变异体编号: 211
变异体编号: 212
变异体编号: 213
变异体编号: 214
变异体编号: 215
变异体编号: 216
变异体编号: 217
变异体编号: 218
变异体编号: 219
变异体编号: 220
变异体编号: 221
变异体编号: 222
变异体编号: 223
变异体编号: 224
变异体编号: 225
变异体编号: 226
变异体编号: 227
变异体编号: 228
变异体编号: 229
变异体编号: 230
变异体编号: 231
变异体编号: 232
变异体编号: 233
变异体编号: 234
变异体编号: 235
变异体编号: 236
变异体编号: 237
变异体编号: 238
变异体编号: 239
变异体编号: 240
变异体编号: 241
变异体编号: 242
变异体编号: 243
变异体编号: 244
变异体编号: 245
变异体编号: 246
变异体编号: 247
变异体编号: 248
变异体编号: 249
变异体编号: 250
变异体编号: 251
变异体编号: 252
变异体编号: 253
变异体编号: 254
变异体编号: 255
变异体编号: 256
变异体编号: 257
变异体编号: 258
变异体编号: 259
编译失败
变异体编号: 260
变异体编号: 261
变异体编号: 262
变异体编号: 263
变异体编号: 264
变异体编号: 265
变异体编号: 266
变异体编号: 267
变异体编号: 268
变异体编号: 269
变异体编号: 270
变异体编号: 271
变异体编号: 272
变异体编号: 273
变异体编号: 274
变异体编号: 275
变异体编号: 276
变异体编号: 277
变异体编号: 278
变异体编号: 279
变异体编号: 280
变异体编号: 281
变异体编号: 282
变异体编号: 283
变异体编号: 284
变异体编号: 285
变异体编号: 286
变异体编号: 287
变异体编号: 288
变异体编号: 289
变异体编号: 290
变异体编号: 291
变异体编号: 292
变异体编号: 293
变异体编号: 294
变异体编号: 295
变异体编号: 296
变异体编号: 297
变异体编号: 298
变异体编号: 299
变异体编号: 300
变异体编号: 301
变异体编号: 302
变异体编号: 303
变异体编号: 304
变异体编号: 305
变异体编号: 306
变异体编号: 307
变异体编号: 308
变异体编号: 309
变异体编号: 310
变异体编号: 311
变异体编号: 312
变异体编号: 313
编译失败
变异体编号: 314
变异体编号: 315
变异体编号: 316
变异体编号: 317
变异体编号: 318
变异体编号: 319
变异体编号: 320
变异体编号: 321
变异体编号: 322
变异体编号: 323
变异体编号: 324
变异体编号: 325
变异体编号: 326
变异体编号: 327
变异体编号: 328
变异体编号: 329
变异体编号: 330
变异体编号: 331
变异体编号: 332
变异体编号: 333
变异体编号: 334
变异体编号: 335
变异体编号: 336
变异体编号: 337
变异体编号: 338
变异体编号: 339
变异体编号: 340
变异体编号: 341
变异体编号: 342
变异体编号: 343
变异体编号: 344
变异体编号: 345
变异体编号: 346
变异体编号: 347
变异体编号: 348
变异体编号: 349
变异体编号: 350
变异体编号: 351
变异体编号: 352
变异体编号: 353
变异体编号: 354
变异体编号: 355
变异体编号: 356
变异体编号: 357
变异体编号: 358
变异体编号: 359
变异体编号: 360
变异体编号: 361
变异体编号: 362
变异体编号: 363
变异体编号: 364
变异体编号: 365
变异体编号: 366
变异体编号: 367
变异体编号: 368
变异体编号: 369
变异体编号: 370
变异体编号: 371
变异体编号: 372
变异体编号: 373
变异体编号: 374
变异体编号: 375
变异体编号: 376
变异体编号: 377
变异体编号: 378
变异体编号: 379
变异体编号: 380
变异体编号: 381
变异体编号: 382
变异体编号: 383
变异体编号: 384
变异体编号: 385
变异体编号: 386
变异体编号: 387
变异体编号: 388
变异体编号: 389
变异体编号: 390
变异体编号: 391
[1;32m************** executeSOM **************[0m
变异体编号: 1
变异体编号: 2
变异体编号: 3
变异体编号: 4
变异体编号: 5
变异体编号: 6
变异体编号: 7
变异体编号: 8
变异体编号: 9
变异体编号: 10
变异体编号: 11
变异体编号: 12
变异体编号: 13
变异体编号: 14
变异体编号: 15
变异体编号: 16
[1;31mError at line 571: [Errno 2] No such file or directory: '/home/fanluxi/pmbfl/SOMmutantsFile/Math/93b/2/MathUtils.java'[0m
变异体编号: 17
[1;31mError at line 571: [Errno 2] No such file or directory: '/home/fanluxi/pmbfl/SOMmutantsFile/Math/93b/3/MathUtils.java'[0m
[1;31mError at line 571: [Errno 2] No such file or directory: '/home/fanluxi/pmbfl/SOMmutantsFile/Math/93b/1/MathUtils.java'[0m
变异体编号: 18
变异体编号: 19
变异体编号: 20
变异体编号: 21
变异体编号: 22
变异体编号: 23
变异体编号: 24
变异体编号: 25
变异体编号: 26
变异体编号: 27
变异体编号: 28
变异体编号: 29
变异体编号: 30
变异体编号: 31
变异体编号: 32
变异体编号: 33
变异体编号: 34
变异体编号: 35
变异体编号: 36
变异体编号: 37
变异体编号: 38
变异体编号: 39
变异体编号: 40
变异体编号: 41
变异体编号: 42
变异体编号: 43
变异体编号: 44
变异体编号: 45
变异体编号: 46
变异体编号: 47
变异体编号: 48
变异体编号: 49
变异体编号: 50
变异体编号: 51
变异体编号: 52
变异体编号: 53
变异体编号: 54
变异体编号: 55
变异体编号: 56
变异体编号: 57
变异体编号: 58
变异体编号: 59
变异体编号: 60
变异体编号: 61
变异体编号: 62
变异体编号: 63
变异体编号: 64
变异体编号: 65
变异体编号: 66
变异体编号: 67
变异体编号: 68
变异体编号: 69
变异体编号: 70
变异体编号: 71
变异体编号: 72
变异体编号: 73
变异体编号: 74
变异体编号: 75
变异体编号: 76
变异体编号: 77
变异体编号: 78
变异体编号: 79
变异体编号: 80
变异体编号: 81
变异体编号: 82
变异体编号: 83
变异体编号: 84
变异体编号: 85
变异体编号: 86
变异体编号: 87
变异体编号: 88
变异体编号: 89
变异体编号: 90
变异体编号: 91
变异体编号: 92
变异体编号: 93
变异体编号: 94
变异体编号: 95
变异体编号: 96
变异体编号: 97
变异体编号: 98
变异体编号: 99
变异体编号: 100
变异体编号: 101
变异体编号: 102
变异体编号: 103
变异体编号: 104
变异体编号: 105
变异体编号: 106
变异体编号: 107
变异体编号: 108
变异体编号: 109
变异体编号: 110
变异体编号: 111
变异体编号: 112
变异体编号: 113
变异体编号: 114
变异体编号: 115
变异体编号: 116
变异体编号: 117
变异体编号: 118
变异体编号: 119
变异体编号: 120
变异体编号: 121
变异体编号: 122
变异体编号: 123
变异体编号: 124
变异体编号: 125
变异体编号: 126
变异体编号: 127
变异体编号: 128
变异体编号: 129
变异体编号: 130
变异体编号: 131
变异体编号: 132
变异体编号: 133
变异体编号: 134
变异体编号: 135
变异体编号: 136
变异体编号: 137
变异体编号: 138
变异体编号: 139
变异体编号: 140
变异体编号: 141
变异体编号: 142
变异体编号: 143
变异体编号: 144
变异体编号: 145
变异体编号: 146
变异体编号: 147
变异体编号: 148
变异体编号: 149
变异体编号: 150
变异体编号: 151
变异体编号: 152
变异体编号: 153
变异体编号: 154
变异体编号: 155
变异体编号: 156
变异体编号: 157
变异体编号: 158
变异体编号: 159
变异体编号: 160
变异体编号: 161
变异体编号: 162
变异体编号: 163
编译失败
变异体编号: 164
变异体编号: 165
变异体编号: 166
变异体编号: 167
变异体编号: 168
编译失败
变异体编号: 169
变异体编号: 170
变异体编号: 171
变异体编号: 172
变异体编号: 173
变异体编号: 174
变异体编号: 175
变异体编号: 176
变异体编号: 177
变异体编号: 178
变异体编号: 179
变异体编号: 180
变异体编号: 181
变异体编号: 182
变异体编号: 183
变异体编号: 184
变异体编号: 185
变异体编号: 186
变异体编号: 187
变异体编号: 188
变异体编号: 189
变异体编号: 190
变异体编号: 191
变异体编号: 192
变异体编号: 193
变异体编号: 194
变异体编号: 195
变异体编号: 196
变异体编号: 197
变异体编号: 198
变异体编号: 199
变异体编号: 200
变异体编号: 201
变异体编号: 202
变异体编号: 203
变异体编号: 204
变异体编号: 205
变异体编号: 206
变异体编号: 207
编译失败
变异体编号: 208
变异体编号: 209
变异体编号: 210
变异体编号: 211
变异体编号: 212
变异体编号: 213
变异体编号: 214
变异体编号: 215
变异体编号: 216
变异体编号: 217
变异体编号: 218
变异体编号: 219
变异体编号: 220
变异体编号: 221
变异体编号: 222
变异体编号: 223
变异体编号: 224
变异体编号: 225
变异体编号: 226
变异体编号: 227
变异体编号: 228
变异体编号: 229
变异体编号: 230
变异体编号: 231
变异体编号: 232
变异体编号: 233
变异体编号: 234
变异体编号: 235
变异体编号: 236
变异体编号: 237
变异体编号: 238
变异体编号: 239
变异体编号: 240
变异体编号: 241
变异体编号: 242
变异体编号: 243
变异体编号: 244
变异体编号: 245
变异体编号: 246
变异体编号: 247
变异体编号: 248
变异体编号: 249
变异体编号: 250
变异体编号: 251
变异体编号: 252
变异体编号: 253
变异体编号: 254
变异体编号: 255
变异体编号: 256
变异体编号: 257
变异体编号: 258
变异体编号: 259
变异体编号: 260
变异体编号: 261
变异体编号: 262
变异体编号: 263
变异体编号: 264
变异体编号: 265
变异体编号: 266
变异体编号: 267
变异体编号: 268
变异体编号: 269
变异体编号: 270
变异体编号: 271
变异体编号: 272
变异体编号: 273
变异体编号: 274
变异体编号: 275
变异体编号: 276
变异体编号: 277
变异体编号: 278
变异体编号: 279
变异体编号: 280
变异体编号: 281
变异体编号: 282
变异体编号: 283
变异体编号: 284
变异体编号: 285
变异体编号: 286
编译失败
变异体编号: 287
变异体编号: 288
变异体编号: 289
变异体编号: 290
变异体编号: 291
变异体编号: 292
变异体编号: 293
变异体编号: 294
变异体编号: 295
变异体编号: 296
变异体编号: 297
变异体编号: 298
变异体编号: 299
变异体编号: 300
变异体编号: 301
变异体编号: 302
变异体编号: 303
变异体编号: 304
变异体编号: 305
变异体编号: 306
变异体编号: 307
变异体编号: 308
测试超时，杀死进程
测试超时，杀死进程
变异体编号: 309
变异体编号: 310
测试超时，杀死进程
变异体编号: 311
测试超时，杀死进程
测试超时，杀死进程
变异体编号: 312
变异体编号: 313
测试超时，杀死进程
变异体编号: 314
变异体编号: 315
测试超时，杀死进程
变异体编号: 316
变异体编号: 317
变异体编号: 318
测试超时，杀死进程
变异体编号: 319
变异体编号: 320
变异体编号: 321
测试超时，杀死进程
测试超时，杀死进程
变异体编号: 322
变异体编号: 323
变异体编号: 324
变异体编号: 325
变异体编号: 326
测试超时，杀死进程
测试超时，杀死进程
测试超时，杀死进程
变异体编号: 327
测试超时，杀死进程
变异体编号: 328
变异体编号: 329
变异体编号: 330
变异体编号: 331
变异体编号: 332
变异体编号: 333
变异体编号: 334
测试超时，杀死进程
变异体编号: 335
变异体编号: 336
变异体编号: 337
变异体编号: 338
测试超时，杀死进程
变异体编号: 339
变异体编号: 340
变异体编号: 341
变异体编号: 342
变异体编号: 343
编译失败
变异体编号: 344
变异体编号: 345
变异体编号: 346
变异体编号: 347
变异体编号: 348
变异体编号: 349
变异体编号:[1;32m************** executeSOM **************[0m
变异体编号: 1
变异体编号: 2
变异体编号: 3
变异体编号: 4
变异体编号: 5
变异体编号: 6
变异体编号: 7
变异体编号: 8
变异体编号: 9
变异体编号: 10
变异体编号: 11
变异体编号: 12
变异体编号: 13
变异体编号: 14
变异体编号: 15
变异体编号: 16
编译失败
变异体编号: 17
编译失败
变异体编号: 18
变异体编号: 19
变异体编号: 20
变异体编号: 21
变异体编号: 22
变异体编号: 23
变异体编号: 24
变异体编号: 25
变异体编号: 26
变异体编号: 27
变异体编号: 28
变异体编号: 29
变异体编号: 30
变异体编号: 31
变异体编号: 32
变异体编号: 33
变异体编号: 34
变异体编号: 35
变异体编号: 36
变异体编号: 37
变异体编号: 38
变异体编号: 39
变异体编号: 40
变异体编号: 41
变异体编号: 42
变异体编号: 43
变异体编号: 44
变异体编号: 45
变异体编号: 46
变异体编号: 47
变异体编号: 48
变异体编号: 49
变异体编号: 50
变异体编号: 51
变异体编号: 52
变异体编号: 53
变异体编号: 54
变异体编号: 55
变异体编号: 56
测试超时，杀死进程
变异体编号: 57
变异体编号: 58
变异体编号: 59
变异体编号: 60
变异体编号: 61
变异体编号: 62
变异体编号: 63
变异体编号: 64
变异体编号: 65
变异体编号: 66
变异体编号: 67
变异体编号: 68
变异体编号: 69
变异体编号: 70
变异体编号: 71
变异体编号: 72
变异体编号: 73
变异体编号: 74
变异体编号: 75
变异体编号: 76
变异体编号: 77
变异体编号: 78
变异体编号: 79
变异体编号: 80
变异体编号: 81
变异体编号: 82
变异体编号: 83
变异体编号: 84
变异体编号: 85
变异体编号: 86
变异体编号: 87
变异体编号: 88
变异体编号: 89
变异体编号: 90
变异体编号: 91
变异体编号: 92
变异体编号: 93
变异体编号: 94
变异体编号: 95
变异体编号: 96
变异体编号: 97
变异体编号: 98
变异体编号: 99
变异体编号: 100
变异体编号: 101
变异体编号: 102
变异体编号: 103
变异体编号: 104
变异体编号: 105
变异体编号: 106
变异体编号: 107
变异体编号: 108
变异体编号: 109
变异体编号: 110
变异体编号: 111
变异体编号: 112
变异体编号: 113
变异体编号: 114
变异体编号: 115
测试超时，杀死进程
变异体编号: 116
测试超时，杀死进程
变异体编号: 117
测试超时，杀死进程
变异体编号: 118
编译失败
变异体编号: 119
测试超时，杀死进程
变异体编号: 120
变异体编号: 121
变异体编号: 122
变异体编号: 123
测试超时，杀死进程
变异体编号: 124
变异体编号: 125
变异体编号: 126
测试超时，杀死进程
变异体编号: 127
变异体编号: 128
变异体编号: 129
变异体编号: 130
测试超时，杀死进程
变异体编号: 131
测试超时，杀死进程
变异体编号: 132
变异体编号: 133
变异体编号: 134
编译失败
变异体编号: 135
变异体编号: 136
变异体编号: 137
变异体编号: 138
变异体编号: 139
变异体编号: 140
变异体编号: 141
变异体编号: 142
变异体编号: 143
变异体编号: 144
变异体编号: 145
变异体编号: 146
变异体编号: 147
变异体编号: 148
变异体编号: 149
变异体编号: 150
变异体编号: 151
变异体编号: 152
变异体编号: 153
变异体编号: 154
变异体编号: 155
变异体编号: 156
变异体编号: 157
变异体编号: 158
变异体编号: 159
变异体编号: 160
变异体编号: 161
变异体编号: 162
变异体编号: 163
变异体编号: 164
变异体编号: 165
变异体编号: 166
变异体编号: 167
变异体编号: 168
变异体编号: 169
变异体编号: 170
变异体编号: 171
变异体编号: 172
变异体编号: 173
变异体编号: 174
变异体编号: 175
变异体编号: 176
变异体编号: 177
变异体编号: 178
变异体编号: 179
变异体编号: 180
变异体编号: 181
变异体编号: 182
变异体编号: 183
变异体编号: 184
变异体编号: 185
变异体编号: 186
变异体编号: 187
变异体编号: 188
变异体编号: 189
变异体编号: 190
变异体编号: 191
变异体编号: 192
变异体编号: 193
变异体编号: 194
变异体编号: 195
变异体编号: 196
变异体编号: 197
变异体编号: 198
变异体编号: 199
变异体编号: 200
测试超时，杀死进程
变异体编号: 201
变异体编号: 202
测试超时，杀死进程
变异体编号: 203
变异体编号: 204
变异体编号: 205
测试超时，杀死进程
变异体编号: 206
变异体编号: 207
变异体编号: 208
变异体编号: 209
变异体编号: 210
测试超时，杀死进程
变异体编号: 211
变异体编号: 212
变异体编号: 213
变异体编号: 214
测试超时，杀死进程
变异体编号: 215
测试超时，杀死进程
变异体编号: 216
变异体编号: 217
变异体编号: 218
变异体编号: 219
变异体编号: 220
变异体编号: 221
变异体编号: 222
变异体编号: 223
变异体编号: 224
变异体编号: 225
变异体编号: 226
变异体编号: 227
变异体编号: 228
变异体编号: 229
变异体编号: 230
变异体编号: 231
变异体编号: 232
变异体编号: 233
变异体编号: 234
变异体编号: 235
变异体编号: 236
变异体编号: 237
变异体编号: 238
变异体编号: 239
变异体编号: 240
变异体编号: 241
变异体编号: 242
变异体编号: 243
变异体编号: 244
变异体编号: 245
变异体编号: 246
变异体编号: 247
变异体编号: 248
变异体编号: 249
变异体编号: 250
变异体编号: 251
编译失败
变异体编号: 252
变异体编号: 253
变异体编号: 254
变异体编号: 255
变异体编号: 256
变异体编号: 257
变异体编号: 258
变异体编号: 259
变异体编号: 260
变异体编号: 261
变异体编号: 262
变异体编号: 263
变异体编号: 264
变异体编号: 265
变异体编号: 266
变异体编号: 267
变异体编号: 268
变异体编号: 269
变异体编号: 270
变异体编号: 271
变异体编号: 272
变异体编号: 273
变异体编号: 274
变异体编号: 275
变异体编号: 276
变异体编号: 277
变异体编号: 278
变异体编号: 279
变异体编号: 280
变异体编号: 281
变异体编号: 282
变异体编号: 283
变异体编号: 284
变异体编号: 285
变异体编号: 286
变异体编号: 287
变异体编号: 288
变异体编号: 289
变异体编号: 290
变异体编号: 291
变异体编号: 292
变异体编号: 293
变异体编号: 294
变异体编号: 295
变异体编号: 296
变异体编号: 297
变异体编号: 298
变异体编号: 299
变异体编号: 300
变异体编号: 301
变异体编号: 302
变异体编号: 303
变异体编号: 304
变异体编号: 305
变异体编号: 306
变异体编号: 307
变异体编号: 308
变异体编号: 309
变异体编号: 310
变异体编号: 311
变异体编号: 312
变异体编号: 313
变异体编号: 314
变异体编号: 315
变异体编号: 316
变异体编号: 317
变异体编号: 318
变异体编号: 319
变异体编号: 320
变异体编号: 321
变异体编号: 322
变异体编号: 323
变异体编号: 324
变异体编号: 325
变异体编号: 326
变异体编号: 327
变异体编号: 328
变异体编号: 329
变异体编号: 330
变异体编号: 331
变异体编号: 332
变异体编号: 333
变异体编号: 334
变异体编号: 335
变异体编号: 336
变异体编号: 337
变异体编号: 338
变异体编号: 339
变异体编号: 340
变异体编号: 341
变异体编号: 342
变异体编号: 343
变异体编号: 344
变异体编号: 345
变异体编号: 346
变异体编号: 347
变异体编号: 348
变异体编号: 349
变异体编号: 350
变异体编号: 351
变异体编号: 352
变异体编号: 353
变异体编号: 354
变异体编号: 355
变异体编号: 356
变异体编号: 357
变异体编号: 358
变异体编号: 359
变异体编号: 360
编译失败
变异体编号: 361
变异体编号: 362
变异体编号: 363
变异体编号: 364
变异体编号: 365
变异体编号: 366
变异体编号: 367
变异体编号: 368
变异体编号: 369
Lang 8b 变异操作耗时 2 小时 44 分钟 28.88 秒
变异体编号: 370
变异体编号: 371
变异体编号: 372
变异体编号: 373
变异体编号: 374
变异体编号: 375
变异体编号: 376
变异体编号: 377
变异体编号: 378
变异体编号: 379
变异体编号: 380
变异体编号: 381
变异体编号: 382
变异体编号: 383
变异体编号: 384
变异体编号: 385
变异体编号: 386
变异体编号: 387
变异体编号: 388
变异体编号: 389
变异体编号: 390
变异体编号: 391
变异体编号: 392
变异体编号: 393
变异体编号: 394
变异体编号: 395
变异体编号: 396
变异体编号: 397
变异体编号: 398
变异体编号: 399
变异体编号: 400
编译失败
变异体编号: 401
变异体编号: 402
变异体编号: 403
变异体编号: 404
变异体编号: 405
变异体编号: 406
变异体编号: 407
变异体编号: 408
变异体编号: 409
变异体编号: 410
变异体编号: 411
变异体编号: 412
变异体编号: 413
变异体编号: 414
变异体编号: 415
变异体编号: 416
变异体编号: 417
变异体编号: 418
变异体编号: 419
变异体编号: 420
变异体编号: 421
变异体编号: 422
变异体编号: 423
变异体编号: 424
变异体编号: 425
变异体编号: 426
变异体编号: 427
变异体编号: 428
变异体编号: 429
变异体编号: 430
变异体编号: 431
变异体编号: 432
变异体编号: 433
变异体编号: 434
变异体编号: 435
变异体编号: 436
变异体编号: 437
变异体编号: 438
变异体编号: 439
变异体编号: 440
变异体编号: 441
变异体编号: 442
变异体编号: 443
变异体编号: 444
变异体编号: 445
变异体编号: 446
变异体编号: 447
变异体编号: 448
变异体编号: 449
变异体编号: 450
变异体编号: 451
变异体编号: 452
变异体编号: 453
变异体编号: 454
变异体编号: 455
变异体编号: 456
变异体编号: 457
变异体编号: 458
变异体编号: 459
变异体编号: 460
变异体编号: 461
变异体编号: 462
变异体编号: 463
变异体编号: 464
变异体编号: 465
变异体编号: 466
变异体编号: 467
变异体编号: 468
变异体编号: 469
变异体编号: 470
变异体编号: 471
变异体编号: 472
变异体编号: 473
变异体编号: 474
变异体编号: 475
变异体编号: 476
变异体编号: 477
变异体编号: 478
变异体编号: 479
变异体编号: 480
变异体编号: 481
变异体编号: 482
变异体编号: 483
变异体编号: 484
变异体编号: 485
变异体编号: 486
变异体编号: 487
变异体编号: 488
变异体编号: 489
变异体编号: 490
变异体编号: 491
变异体编号: 492
变异体编号: 493
变异体编号: 494
变异体编号: 495
变异体编号: 496
变异体编号: 497
变异体编号: 498
变异体编号: 499
变异体编号: 500
变异体编号: 501
变异体编号: 502
变异体编号: 503
变异体编号: 504
变异体编号: 505
变异体编号: 506
变异体编号: 507
变异体编号: 508
变异体编号: 509
变异体编号: 510
变异体编号: 511
变异体编号: 512
变异体编号: 513
变异体编号: 514
变异体编号: 515
变异体编号: 516
变异体编号: 517
变异体编号: 518
变异体编号: 519
变异体编号: 520
变异体编号: 521
变异体编号: 522
变异体编号: 523
变异体编号: 524
变异体编号: 525
变异体编号: 526
变异体编号: 527
变异体编号: 528
变异体编号: 529
变异体编号: 530
变异体编号: 531
变异体编号: 532
变异体编号: 533
变异体编号: 534
变异体编号: 535
变异体编号: 536
变异体编号: 537
变异体编号: 538
变异体编号: 539
变异体编号: 540
变异体编号: 541
变异体编号: 542
变异体编号: 543
变异体编号: 544
变异体编号: 545
变异体编号: 546
变异体编号: 547
变异体编号: 548
变异体编号: 549
变异体编号: 550
变异体编号: 551
变异体编号: 552
变异体编号: 553
变异体编号: 554
变异体编号: 555
变异体编号: 556
变异体编号: 557
变异体编号: 558
变异体编号: 559
变异体编号: 560
变异体编号: 561
变异体编号: 562
变异体编号: 563
变异体编号: 564
变异体编号: 565
变异体编号: 566
变异体编号: 567
变异体编号: 568
变异体编号: 569
变异体编号: 570
变异体编号: 571
变异体编号: 572
变异体编号: 573
变异体编号: 574
变异体编号: 575
变异体编号: 576
变异体编号: 577
变异体编号: 578
变异体编号: 579
变异体编号: 580
变异体编号: 581
变异体编号: 582
变异体编号: 583
变异体编号: 584
变异体编号: 585
变异体编号: 586
变异体编号: 587
变异体编号: 588
变异体编号: 589
变异体编号: 590
变异体编号: 591
变异体编号: 592
变异体编号: 593
变异体编号: 594
变异体编号: 595
变异体编号: 596
变异体编号: 597
变异体编号: 598
变异体编号: 599
变异体编号: 600
变异体编号: 601
变异体编号: 602
变异体编号: 603
变异体编号: 604
变异体编号: 605
变异体编号: 606
变异体编号: 607
变异体编号: 608
变异体编号: 609
变异体编号: 610
变异体编号: 611
变异体编号: 612
变异体编号: 613
变异体编号: 614
变异体编号: 615
变异体编号: 616
变异体编号: 617
变异体编号: 618
变异体编号: 619
变异体编号: 620
变异体编号: 621
变异体编号: 622
变异体编号: 623
变异体编号: 624
变异体编号: 625
变异体编号: 626
变异体编号: 627
变异体编号: 628
变异体编号: 629
变异体编号: 630
变异体编号: 631
变异体编号: 632
变异体编号: 633
变异体编号: 634
变异体编号: 635
变异体编号: 636
变异体编号: 637
变异体编号: 638
变异体编号: 639
变异体编号: 640
变异体编号: 641
变异体编号: 642
变异体编号: 643
变异体编号: 644
变异体编号: 645
变异体编号: 646
变异体编号: 647
变异体编号: 648
变异体编号: 649
变异体编号: 650
变异体编号: 651
变异体编号: 652
变异体编号: 653
变异操作耗时 2 小时 44 分钟 28.88 秒
[1;32m************** executeSOM **************[0m
变异体编号: 1
变异体编号: 2
变异体编号: 3
变异体编号: 4
变异体编号: 5
变异体编号: 6
变异体编号: 7
变异体编号: 8
变异体编号: 9
变异体编号: 10
变异体编号: 11
变异体编号: 12
变异体编号: 13
变异体编号: 14
变异体编号: 15
变异体编号: 16
变异体编号: 17
变异体编号: 18
变异体编号: 19
变异体编号: 20
变异体编号: 21
变异体编号: 22
变异体编号: 23
变异体编号: 24
变异体编号: 25
变异体编号: 26
变异体编号: 27
变异体编号: 28
变异体编号: 29
变异体编号: 30
变异体编号: 31
变异体编号: 32
变异体编号: 33
变异体编号: 34
变异体编号: 35
变异体编号: 36
变异体编号: 37
变异体编号: 38
变异体编号: 39
变异体编号: 40
变异体编号: 41
变异体编号: 42
变异体编号: 43
变异体编号: 44
变异体编号: 45
变异体编号: 46
变异体编号: 47
变异体编号: 48
变异体编号: 49
变异体编号: 50
变异体编号: 51
变异体编号: 52
变异体编号: 53
变异体编号: 54
变异体编号: 55
变异体编号: 56
变异体编号: 57
变异体编号: 58
变异体编号: 59
变异体编号: 60
变异体编号: 61
变异体编号: 62
变异体编号: 63
变异体编号: 64
变异体编号: 65
变异体编号: 66
变异体编号: 67
变异体编号: 68
变异体编号: 69
变异体编号: 70
变异体编号: 71
变异体编号: 72
变异体编号: 73
变异体编号: 74
变异体编号: 75
变异体编号: 76
变异体编号: 77
变异体编号: 78
变异体编号: 79
变异体编号: 80
变异体编号: 81
变异体编号: 82
变异体编号: 83
变异体编号: 84
变异体编号: 85
变异体编号: 86
变异体编号: 87
变异体编号: 88
变异体编号: 89
变异体编号: 90
变异体编号: 91
变异体编号: 92
变异体编号: 93
变异体编号: 94
变异体编号: 95
变异体编号: 96
变异体编号: 97
变异体编号: 98
变异体编号: 99
变异体编号: 100
变异体编号: 101
变异体编号: 102
变异体编号: 103
变异体编号: 104
变异体编号: 105
变异体编号: 106
变异体编号: 107
变异体编号: 108
变异体编号: 109
变异体编号: 110
变异体编号: 111
变异体编号: 112
变异体编号: 113
变异体编号: 114
变异体编号: 115
变异体编号: 116
变异体编号: 117
变异体编号: 118
变异体编号: 119
变异体编号: 120
变异体编号: 121
变异体编号: 122
变异体编号: 123
变异体编号: 124
变异体编号: 125
变异体编号: 126
变异体编号: 127
变异体编号: 128
变异体编号: 129
变异体编号: 130
变异体编号: 131
变异体编号: 132
变异体编号: 133
变异体编号: 134
变异体编号: 135
变异体编号: 136
变异体编号: 137
变异体编号: 138
变异体编号: 139
变异体编号: 140
变异体编号: 141
变异体编号: 142
变异体编号: 143
变异体编号: 144
变异体编号: 145
变异体编号: 146
变异体编号: 147
变异体编号: 148
变异体编号: 149
变异体编号: 150
变异体编号: 151
变异体编号: 152
变异体编号: 153
变异体编号: 154
变异体编号: 155
变异体编号: 156
变异体编号: 157
变异体编号: 158
变异体编号: 159
变异体编号: 160
变异体编号: 161
变异体编号: 162
变异体编号: 163
变异体编号: 164
变异体编号: 165
变异体编号: 166
变异体编号: 167
变异体编号: 168
变异体编号: 169
测试超时，杀死进程
变异体编号: 170
变异体编号: 171
变异体编号: 172
变异体编号: 173
变异体编号: 174
变异体编号: 175
变异体编号: 176
测试超时，杀死进程
变异体编号: 177
变异体编号: 178
变异体编号: 179
变异体编号: 180
变异体编号: 181
变异体编号: 182
变异体编号: 183
变异体编号: 184
变异体编号: 185
变异体编号: 186
变异体编号: 187
变异体编号: 188
变异体编号: 189
变异体编号: 190
变异体编号: 191
变异体编号: 192
变异体编号: 193
变异体编号: 194
变异体编号: 195
测试超时，杀死进程
变异体编号: 196
变异体编号: 197
变异体编号: 198
变异体编号: 199
变异体编号: 200
变异体编号: 201
变异体编号: 202
变异体编号: 203
变异体编号: 204
变异体编号: 205
变异体编号: 206
变异体编号: 207
变异体编号: 208
编译失败
变异体编号: 209
变异体编号: 210
变异体编号: 211
变异体编号: 212
变异体编号: 213
变异体编号: 214
变异体编号: 215
变异体编号: 216
变异体编号: 217
变异体编号: 218
测试超时，杀死进程
变异体编号: 219
变异体编号: 220
变异体编号: 221
测试超时，杀死进程
变异体编号: 222
变异体编号: 223
变异体编号: 224
变异体编号: 225
变异体编号: 226
变异体编号: 227
变异体编号: 228
变异体编号: 229
变异体编号: 230
变异体编号: 231
变异体编号: 232
变异体编号: 233
变异体编号: 234
变异体编号: 235
变异体编号: 236
变异体编号: 237
变异体编号: 238
变异体编号: 239
变异体编号: 240
测试超时，杀死进程
变异体编号: 241
变异体编号: 242
变异体编号: 243
测试超时，杀死进程
变异体编号: 244
变异体编号: 245
变异体编号: 246
变异体编号: 247
变异体编号: 248
变异体编号: 249
变异体编号: 250
变异体编号: 251
变异体编号: 252
变异体编号: 253
变异体编号: 254
变异体编号: 255
变异体编号: 256
变异体编号: 257
变异体编号: 258
变异体编号: 259
变异体编号: 260
变异体编号: 261
变异体编号: 262
变异体编号: 263
变异体编号: 264
变异体编号: 265
变异体编号: 266
变异体编号: 267
变异体编号: 268
变异体编号: 269
变异体编号: 270
变异体编号: 271
变异体编号: 272
变异体编号: 273
变异体编号: 274
变异体编号: 275
变异体编号: 276
变异体编号: 277
变异体编号: 278
变异体编号: 279
变异体编号: 280
变异体编号: 281
变异体编号: 282
变异体编号: 283
变异体编号: 284
变异体编号: 285
变异体编号: 286
变异体编号: 287
变异体编号: 288
变异体编号: 289
变异体编号: 290
变异体编号: 291
变异体编号: 292
变异体编号: 293
变异体编号: 294
变异体编号: 295
变异体编号: 296
变异体编号: 297
变异体编号: 298
变异体编号: 299
变异体编号: 300
变异体编号: 301
变异体编号: 302
变异体编号: 303
变异体编号: 304
变异体编号: 305
变异体编号: 306
变异体编号: 307
变异体编号: 308
变异体编号: 309
变异体编号: 310
变异体编号: 311
变异体编号: 312
变异体编号: 313
变异体编号: 314
变异体编号: 315
变异体编号: 316
变异体编号: 317
变异体编号: 318
变异体编号: 319
变异体编号: 320
变异体编号: 321
变异体编号: 322
变异体编号: 323
变异体编号: 324
变异体编号: 325
测试超时，杀死进程
变异体编号: 326
变异体编号: 327
变异体编号: 328
变异体编号: 329
变异体编号: 330
变异体编号: 331
变异体编号: 332
变异体编号: 333
变异体编号: 334
变异体编号: 335
变异体编号: 336
变异体编号: 337
变异体编号: 338
变异体编号: 339
变异体编号: 340
变异体编号: 341
变异体编号: 342
变异体编号: 343
变异体编号: 344
变异体编号: 345
变异体编号: 346
变异体编号: 347
变异体编号: 348
变异体编号: 349
变异体编号: 350
变异体编号: 351
变异体编号: 352
变异体编号: 353
变异体编号: 354
变异体编号: 355
变异体编号: 356
变异体编号: 357
变异体编号: 358
变异体编号: 359
变异体编号: 360
变异体编号: 361
变异体编号: 362
变异体编号: 363
变异体编号: 364
变异体编号: 365
变异体编号: 366
变异体编号: 367
变异体编号: 368
变异体编号: 369
变异体编号: 370
变异体编号: 371
变异体编号: 372
变异体编号: 373
变异体编号: 374
变异体编号: 375
变异体编号: 376
变异体编号: 377
变异体编号: 378
变异体编号: 379
变异体编号: 380
变异体编号: 381
